<?xml version="1.0" encoding="UTF-8"?>
<testsuite xmlns:xsi="http://www.w3.org/2001/XMLSchema-instance" xsi:noNamespaceSchemaLocation="https://maven.apache.org/surefire/maven-surefire-plugin/xsd/surefire-test-report-3.0.xsd" version="3.0" name="runners.TestRunner" time="23.811" tests="9" errors="0" skipped="0" failures="0">
  <properties>
    <property name="java.specification.version" value="21"/>
    <property name="webdriver.chrome.driver" value="/Users/vishnuvenugopal/.cache/selenium/chromedriver/mac-arm64/137.0.7151.68/chromedriver"/>
    <property name="sun.jnu.encoding" value="UTF-8"/>
    <property name="java.class.path" value="/Users/vishnuvenugopal/eclipse-workspace/Automation/target/test-classes:/Users/vishnuvenugopal/eclipse-workspace/Automation/target/classes:/Users/vishnuvenugopal/.m2/repository/org/junit/jupiter/junit-jupiter-api/5.11.0/junit-jupiter-api-5.11.0.jar:/Users/vishnuvenugopal/.m2/repository/org/opentest4j/opentest4j/1.3.0/opentest4j-1.3.0.jar:/Users/vishnuvenugopal/.m2/repository/org/junit/platform/junit-platform-commons/1.11.0/junit-platform-commons-1.11.0.jar:/Users/vishnuvenugopal/.m2/repository/org/apiguardian/apiguardian-api/1.1.2/apiguardian-api-1.1.2.jar:/Users/vishnuvenugopal/.m2/repository/org/junit/jupiter/junit-jupiter-params/5.11.0/junit-jupiter-params-5.11.0.jar:/Users/vishnuvenugopal/.m2/repository/org/seleniumhq/selenium/selenium-java/4.20.0/selenium-java-4.20.0.jar:/Users/vishnuvenugopal/.m2/repository/org/seleniumhq/selenium/selenium-api/4.20.0/selenium-api-4.20.0.jar:/Users/vishnuvenugopal/.m2/repository/org/seleniumhq/selenium/selenium-chrome-driver/4.20.0/selenium-chrome-driver-4.20.0.jar:/Users/vishnuvenugopal/.m2/repository/com/google/auto/service/auto-service-annotations/1.1.1/auto-service-annotations-1.1.1.jar:/Users/vishnuvenugopal/.m2/repository/org/seleniumhq/selenium/selenium-chromium-driver/4.20.0/selenium-chromium-driver-4.20.0.jar:/Users/vishnuvenugopal/.m2/repository/org/seleniumhq/selenium/selenium-json/4.20.0/selenium-json-4.20.0.jar:/Users/vishnuvenugopal/.m2/repository/org/seleniumhq/selenium/selenium-manager/4.20.0/selenium-manager-4.20.0.jar:/Users/vishnuvenugopal/.m2/repository/org/seleniumhq/selenium/selenium-devtools-v122/4.20.0/selenium-devtools-v122-4.20.0.jar:/Users/vishnuvenugopal/.m2/repository/org/seleniumhq/selenium/selenium-devtools-v123/4.20.0/selenium-devtools-v123-4.20.0.jar:/Users/vishnuvenugopal/.m2/repository/org/seleniumhq/selenium/selenium-devtools-v124/4.20.0/selenium-devtools-v124-4.20.0.jar:/Users/vishnuvenugopal/.m2/repository/org/seleniumhq/selenium/selenium-devtools-v85/4.20.0/selenium-devtools-v85-4.20.0.jar:/Users/vishnuvenugopal/.m2/repository/org/seleniumhq/selenium/selenium-edge-driver/4.20.0/selenium-edge-driver-4.20.0.jar:/Users/vishnuvenugopal/.m2/repository/org/seleniumhq/selenium/selenium-firefox-driver/4.20.0/selenium-firefox-driver-4.20.0.jar:/Users/vishnuvenugopal/.m2/repository/org/seleniumhq/selenium/selenium-http/4.20.0/selenium-http-4.20.0.jar:/Users/vishnuvenugopal/.m2/repository/dev/failsafe/failsafe/3.3.2/failsafe-3.3.2.jar:/Users/vishnuvenugopal/.m2/repository/org/seleniumhq/selenium/selenium-ie-driver/4.20.0/selenium-ie-driver-4.20.0.jar:/Users/vishnuvenugopal/.m2/repository/org/seleniumhq/selenium/selenium-remote-driver/4.20.0/selenium-remote-driver-4.20.0.jar:/Users/vishnuvenugopal/.m2/repository/com/google/guava/guava/33.1.0-jre/guava-33.1.0-jre.jar:/Users/vishnuvenugopal/.m2/repository/com/google/guava/failureaccess/1.0.2/failureaccess-1.0.2.jar:/Users/vishnuvenugopal/.m2/repository/com/google/guava/listenablefuture/9999.0-empty-to-avoid-conflict-with-guava/listenablefuture-9999.0-empty-to-avoid-conflict-with-guava.jar:/Users/vishnuvenugopal/.m2/repository/com/google/code/findbugs/jsr305/3.0.2/jsr305-3.0.2.jar:/Users/vishnuvenugopal/.m2/repository/org/checkerframework/checker-qual/3.42.0/checker-qual-3.42.0.jar:/Users/vishnuvenugopal/.m2/repository/com/google/errorprone/error_prone_annotations/2.26.1/error_prone_annotations-2.26.1.jar:/Users/vishnuvenugopal/.m2/repository/com/google/j2objc/j2objc-annotations/3.0.0/j2objc-annotations-3.0.0.jar:/Users/vishnuvenugopal/.m2/repository/io/opentelemetry/semconv/opentelemetry-semconv/1.25.0-alpha/opentelemetry-semconv-1.25.0-alpha.jar:/Users/vishnuvenugopal/.m2/repository/io/opentelemetry/opentelemetry-api/1.37.0/opentelemetry-api-1.37.0.jar:/Users/vishnuvenugopal/.m2/repository/io/opentelemetry/opentelemetry-context/1.37.0/opentelemetry-context-1.37.0.jar:/Users/vishnuvenugopal/.m2/repository/io/opentelemetry/opentelemetry-exporter-logging/1.37.0/opentelemetry-exporter-logging-1.37.0.jar:/Users/vishnuvenugopal/.m2/repository/io/opentelemetry/opentelemetry-sdk-common/1.37.0/opentelemetry-sdk-common-1.37.0.jar:/Users/vishnuvenugopal/.m2/repository/io/opentelemetry/opentelemetry-sdk-extension-autoconfigure-spi/1.37.0/opentelemetry-sdk-extension-autoconfigure-spi-1.37.0.jar:/Users/vishnuvenugopal/.m2/repository/io/opentelemetry/opentelemetry-sdk-extension-autoconfigure/1.37.0/opentelemetry-sdk-extension-autoconfigure-1.37.0.jar:/Users/vishnuvenugopal/.m2/repository/io/opentelemetry/opentelemetry-api-incubator/1.37.0-alpha/opentelemetry-api-incubator-1.37.0-alpha.jar:/Users/vishnuvenugopal/.m2/repository/io/opentelemetry/opentelemetry-sdk-trace/1.37.0/opentelemetry-sdk-trace-1.37.0.jar:/Users/vishnuvenugopal/.m2/repository/io/opentelemetry/opentelemetry-sdk/1.37.0/opentelemetry-sdk-1.37.0.jar:/Users/vishnuvenugopal/.m2/repository/io/opentelemetry/opentelemetry-sdk-metrics/1.37.0/opentelemetry-sdk-metrics-1.37.0.jar:/Users/vishnuvenugopal/.m2/repository/io/opentelemetry/opentelemetry-sdk-logs/1.37.0/opentelemetry-sdk-logs-1.37.0.jar:/Users/vishnuvenugopal/.m2/repository/net/bytebuddy/byte-buddy/1.14.14/byte-buddy-1.14.14.jar:/Users/vishnuvenugopal/.m2/repository/org/seleniumhq/selenium/selenium-os/4.20.0/selenium-os-4.20.0.jar:/Users/vishnuvenugopal/.m2/repository/org/apache/commons/commons-exec/1.4.0/commons-exec-1.4.0.jar:/Users/vishnuvenugopal/.m2/repository/org/seleniumhq/selenium/selenium-safari-driver/4.20.0/selenium-safari-driver-4.20.0.jar:/Users/vishnuvenugopal/.m2/repository/org/seleniumhq/selenium/selenium-support/4.20.0/selenium-support-4.20.0.jar:/Users/vishnuvenugopal/.m2/repository/io/cucumber/cucumber-java/7.14.0/cucumber-java-7.14.0.jar:/Users/vishnuvenugopal/.m2/repository/io/cucumber/cucumber-core/7.14.0/cucumber-core-7.14.0.jar:/Users/vishnuvenugopal/.m2/repository/io/cucumber/cucumber-gherkin/7.14.0/cucumber-gherkin-7.14.0.jar:/Users/vishnuvenugopal/.m2/repository/io/cucumber/cucumber-gherkin-messages/7.14.0/cucumber-gherkin-messages-7.14.0.jar:/Users/vishnuvenugopal/.m2/repository/io/cucumber/gherkin/26.2.0/gherkin-26.2.0.jar:/Users/vishnuvenugopal/.m2/repository/io/cucumber/messages/22.0.0/messages-22.0.0.jar:/Users/vishnuvenugopal/.m2/repository/io/cucumber/tag-expressions/5.0.6/tag-expressions-5.0.6.jar:/Users/vishnuvenugopal/.m2/repository/io/cucumber/cucumber-expressions/16.1.2/cucumber-expressions-16.1.2.jar:/Users/vishnuvenugopal/.m2/repository/io/cucumber/datatable/7.14.0/datatable-7.14.0.jar:/Users/vishnuvenugopal/.m2/repository/io/cucumber/cucumber-plugin/7.14.0/cucumber-plugin-7.14.0.jar:/Users/vishnuvenugopal/.m2/repository/io/cucumber/docstring/7.14.0/docstring-7.14.0.jar:/Users/vishnuvenugopal/.m2/repository/io/cucumber/html-formatter/20.4.0/html-formatter-20.4.0.jar:/Users/vishnuvenugopal/.m2/repository/io/cucumber/junit-xml-formatter/0.2.0/junit-xml-formatter-0.2.0.jar:/Users/vishnuvenugopal/.m2/repository/io/cucumber/ci-environment/9.2.0/ci-environment-9.2.0.jar:/Users/vishnuvenugopal/.m2/repository/io/cucumber/cucumber-junit/7.14.0/cucumber-junit-7.14.0.jar:/Users/vishnuvenugopal/.m2/repository/junit/junit/4.13.2/junit-4.13.2.jar:/Users/vishnuvenugopal/.m2/repository/org/hamcrest/hamcrest-core/1.3/hamcrest-core-1.3.jar:/Users/vishnuvenugopal/.m2/repository/io/github/bonigarcia/webdrivermanager/5.8.0/webdrivermanager-5.8.0.jar:/Users/vishnuvenugopal/.m2/repository/org/slf4j/slf4j-api/2.0.12/slf4j-api-2.0.12.jar:/Users/vishnuvenugopal/.m2/repository/com/google/code/gson/gson/2.10.1/gson-2.10.1.jar:/Users/vishnuvenugopal/.m2/repository/com/github/docker-java/docker-java/3.3.6/docker-java-3.3.6.jar:/Users/vishnuvenugopal/.m2/repository/com/github/docker-java/docker-java-core/3.3.6/docker-java-core-3.3.6.jar:/Users/vishnuvenugopal/.m2/repository/com/github/docker-java/docker-java-api/3.3.6/docker-java-api-3.3.6.jar:/Users/vishnuvenugopal/.m2/repository/com/fasterxml/jackson/core/jackson-annotations/2.10.3/jackson-annotations-2.10.3.jar:/Users/vishnuvenugopal/.m2/repository/com/fasterxml/jackson/core/jackson-databind/2.10.3/jackson-databind-2.10.3.jar:/Users/vishnuvenugopal/.m2/repository/com/fasterxml/jackson/core/jackson-core/2.10.3/jackson-core-2.10.3.jar:/Users/vishnuvenugopal/.m2/repository/org/bouncycastle/bcpkix-jdk18on/1.76/bcpkix-jdk18on-1.76.jar:/Users/vishnuvenugopal/.m2/repository/org/bouncycastle/bcprov-jdk18on/1.76/bcprov-jdk18on-1.76.jar:/Users/vishnuvenugopal/.m2/repository/org/bouncycastle/bcutil-jdk18on/1.76/bcutil-jdk18on-1.76.jar:/Users/vishnuvenugopal/.m2/repository/org/slf4j/jcl-over-slf4j/1.7.30/jcl-over-slf4j-1.7.30.jar:/Users/vishnuvenugopal/.m2/repository/com/github/docker-java/docker-java-transport-httpclient5/3.3.6/docker-java-transport-httpclient5-3.3.6.jar:/Users/vishnuvenugopal/.m2/repository/com/github/docker-java/docker-java-transport/3.3.6/docker-java-transport-3.3.6.jar:/Users/vishnuvenugopal/.m2/repository/net/java/dev/jna/jna/5.13.0/jna-5.13.0.jar:/Users/vishnuvenugopal/.m2/repository/org/brotli/dec/0.1.2/dec-0.1.2.jar:/Users/vishnuvenugopal/.m2/repository/org/apache/commons/commons-lang3/3.14.0/commons-lang3-3.14.0.jar:/Users/vishnuvenugopal/.m2/repository/org/apache/commons/commons-compress/1.26.1/commons-compress-1.26.1.jar:/Users/vishnuvenugopal/.m2/repository/commons-codec/commons-codec/1.16.1/commons-codec-1.16.1.jar:/Users/vishnuvenugopal/.m2/repository/commons-io/commons-io/2.15.1/commons-io-2.15.1.jar:/Users/vishnuvenugopal/.m2/repository/org/apache/httpcomponents/client5/httpclient5/5.2.1/httpclient5-5.2.1.jar:/Users/vishnuvenugopal/.m2/repository/org/apache/httpcomponents/core5/httpcore5/5.2/httpcore5-5.2.jar:/Users/vishnuvenugopal/.m2/repository/org/apache/httpcomponents/core5/httpcore5-h2/5.2/httpcore5-h2-5.2.jar:/Users/vishnuvenugopal/.m2/repository/com/aventstack/extentreports/5.1.1/extentreports-5.1.1.jar:/Users/vishnuvenugopal/.m2/repository/io/reactivex/rxjava3/rxjava/3.1.6/rxjava-3.1.6.jar:/Users/vishnuvenugopal/.m2/repository/org/reactivestreams/reactive-streams/1.0.4/reactive-streams-1.0.4.jar:/Users/vishnuvenugopal/.m2/repository/org/freemarker/freemarker/2.3.32/freemarker-2.3.32.jar:/Users/vishnuvenugopal/.m2/repository/org/projectlombok/lombok/1.18.26/lombok-1.18.26.jar:"/>
    <property name="java.vm.vendor" value="Oracle Corporation"/>
    <property name="sun.arch.data.model" value="64"/>
    <property name="java.vendor.url" value="https://java.oracle.com/"/>
    <property name="user.timezone" value="Asia/Kolkata"/>
    <property name="os.name" value="Mac OS X"/>
    <property name="java.vm.specification.version" value="21"/>
    <property name="sun.java.launcher" value="SUN_STANDARD"/>
    <property name="user.country" value="US"/>
    <property name="sun.boot.library.path" value="/Library/Java/JavaVirtualMachines/jdk-21.jdk/Contents/Home/lib"/>
    <property name="sun.java.command" value="/Users/vishnuvenugopal/eclipse-workspace/Automation/target/surefire/surefirebooter-20250607195536336_3.jar /Users/vishnuvenugopal/eclipse-workspace/Automation/target/surefire 2025-06-07T19-55-36_301-jvmRun1 surefire-20250607195536336_1tmp surefire_0-20250607195536336_2tmp"/>
    <property name="http.nonProxyHosts" value="local|*.local|169.254/16|*.169.254/16"/>
    <property name="jdk.debug" value="release"/>
    <property name="surefire.test.class.path" value="/Users/vishnuvenugopal/eclipse-workspace/Automation/target/test-classes:/Users/vishnuvenugopal/eclipse-workspace/Automation/target/classes:/Users/vishnuvenugopal/.m2/repository/org/junit/jupiter/junit-jupiter-api/5.11.0/junit-jupiter-api-5.11.0.jar:/Users/vishnuvenugopal/.m2/repository/org/opentest4j/opentest4j/1.3.0/opentest4j-1.3.0.jar:/Users/vishnuvenugopal/.m2/repository/org/junit/platform/junit-platform-commons/1.11.0/junit-platform-commons-1.11.0.jar:/Users/vishnuvenugopal/.m2/repository/org/apiguardian/apiguardian-api/1.1.2/apiguardian-api-1.1.2.jar:/Users/vishnuvenugopal/.m2/repository/org/junit/jupiter/junit-jupiter-params/5.11.0/junit-jupiter-params-5.11.0.jar:/Users/vishnuvenugopal/.m2/repository/org/seleniumhq/selenium/selenium-java/4.20.0/selenium-java-4.20.0.jar:/Users/vishnuvenugopal/.m2/repository/org/seleniumhq/selenium/selenium-api/4.20.0/selenium-api-4.20.0.jar:/Users/vishnuvenugopal/.m2/repository/org/seleniumhq/selenium/selenium-chrome-driver/4.20.0/selenium-chrome-driver-4.20.0.jar:/Users/vishnuvenugopal/.m2/repository/com/google/auto/service/auto-service-annotations/1.1.1/auto-service-annotations-1.1.1.jar:/Users/vishnuvenugopal/.m2/repository/org/seleniumhq/selenium/selenium-chromium-driver/4.20.0/selenium-chromium-driver-4.20.0.jar:/Users/vishnuvenugopal/.m2/repository/org/seleniumhq/selenium/selenium-json/4.20.0/selenium-json-4.20.0.jar:/Users/vishnuvenugopal/.m2/repository/org/seleniumhq/selenium/selenium-manager/4.20.0/selenium-manager-4.20.0.jar:/Users/vishnuvenugopal/.m2/repository/org/seleniumhq/selenium/selenium-devtools-v122/4.20.0/selenium-devtools-v122-4.20.0.jar:/Users/vishnuvenugopal/.m2/repository/org/seleniumhq/selenium/selenium-devtools-v123/4.20.0/selenium-devtools-v123-4.20.0.jar:/Users/vishnuvenugopal/.m2/repository/org/seleniumhq/selenium/selenium-devtools-v124/4.20.0/selenium-devtools-v124-4.20.0.jar:/Users/vishnuvenugopal/.m2/repository/org/seleniumhq/selenium/selenium-devtools-v85/4.20.0/selenium-devtools-v85-4.20.0.jar:/Users/vishnuvenugopal/.m2/repository/org/seleniumhq/selenium/selenium-edge-driver/4.20.0/selenium-edge-driver-4.20.0.jar:/Users/vishnuvenugopal/.m2/repository/org/seleniumhq/selenium/selenium-firefox-driver/4.20.0/selenium-firefox-driver-4.20.0.jar:/Users/vishnuvenugopal/.m2/repository/org/seleniumhq/selenium/selenium-http/4.20.0/selenium-http-4.20.0.jar:/Users/vishnuvenugopal/.m2/repository/dev/failsafe/failsafe/3.3.2/failsafe-3.3.2.jar:/Users/vishnuvenugopal/.m2/repository/org/seleniumhq/selenium/selenium-ie-driver/4.20.0/selenium-ie-driver-4.20.0.jar:/Users/vishnuvenugopal/.m2/repository/org/seleniumhq/selenium/selenium-remote-driver/4.20.0/selenium-remote-driver-4.20.0.jar:/Users/vishnuvenugopal/.m2/repository/com/google/guava/guava/33.1.0-jre/guava-33.1.0-jre.jar:/Users/vishnuvenugopal/.m2/repository/com/google/guava/failureaccess/1.0.2/failureaccess-1.0.2.jar:/Users/vishnuvenugopal/.m2/repository/com/google/guava/listenablefuture/9999.0-empty-to-avoid-conflict-with-guava/listenablefuture-9999.0-empty-to-avoid-conflict-with-guava.jar:/Users/vishnuvenugopal/.m2/repository/com/google/code/findbugs/jsr305/3.0.2/jsr305-3.0.2.jar:/Users/vishnuvenugopal/.m2/repository/org/checkerframework/checker-qual/3.42.0/checker-qual-3.42.0.jar:/Users/vishnuvenugopal/.m2/repository/com/google/errorprone/error_prone_annotations/2.26.1/error_prone_annotations-2.26.1.jar:/Users/vishnuvenugopal/.m2/repository/com/google/j2objc/j2objc-annotations/3.0.0/j2objc-annotations-3.0.0.jar:/Users/vishnuvenugopal/.m2/repository/io/opentelemetry/semconv/opentelemetry-semconv/1.25.0-alpha/opentelemetry-semconv-1.25.0-alpha.jar:/Users/vishnuvenugopal/.m2/repository/io/opentelemetry/opentelemetry-api/1.37.0/opentelemetry-api-1.37.0.jar:/Users/vishnuvenugopal/.m2/repository/io/opentelemetry/opentelemetry-context/1.37.0/opentelemetry-context-1.37.0.jar:/Users/vishnuvenugopal/.m2/repository/io/opentelemetry/opentelemetry-exporter-logging/1.37.0/opentelemetry-exporter-logging-1.37.0.jar:/Users/vishnuvenugopal/.m2/repository/io/opentelemetry/opentelemetry-sdk-common/1.37.0/opentelemetry-sdk-common-1.37.0.jar:/Users/vishnuvenugopal/.m2/repository/io/opentelemetry/opentelemetry-sdk-extension-autoconfigure-spi/1.37.0/opentelemetry-sdk-extension-autoconfigure-spi-1.37.0.jar:/Users/vishnuvenugopal/.m2/repository/io/opentelemetry/opentelemetry-sdk-extension-autoconfigure/1.37.0/opentelemetry-sdk-extension-autoconfigure-1.37.0.jar:/Users/vishnuvenugopal/.m2/repository/io/opentelemetry/opentelemetry-api-incubator/1.37.0-alpha/opentelemetry-api-incubator-1.37.0-alpha.jar:/Users/vishnuvenugopal/.m2/repository/io/opentelemetry/opentelemetry-sdk-trace/1.37.0/opentelemetry-sdk-trace-1.37.0.jar:/Users/vishnuvenugopal/.m2/repository/io/opentelemetry/opentelemetry-sdk/1.37.0/opentelemetry-sdk-1.37.0.jar:/Users/vishnuvenugopal/.m2/repository/io/opentelemetry/opentelemetry-sdk-metrics/1.37.0/opentelemetry-sdk-metrics-1.37.0.jar:/Users/vishnuvenugopal/.m2/repository/io/opentelemetry/opentelemetry-sdk-logs/1.37.0/opentelemetry-sdk-logs-1.37.0.jar:/Users/vishnuvenugopal/.m2/repository/net/bytebuddy/byte-buddy/1.14.14/byte-buddy-1.14.14.jar:/Users/vishnuvenugopal/.m2/repository/org/seleniumhq/selenium/selenium-os/4.20.0/selenium-os-4.20.0.jar:/Users/vishnuvenugopal/.m2/repository/org/apache/commons/commons-exec/1.4.0/commons-exec-1.4.0.jar:/Users/vishnuvenugopal/.m2/repository/org/seleniumhq/selenium/selenium-safari-driver/4.20.0/selenium-safari-driver-4.20.0.jar:/Users/vishnuvenugopal/.m2/repository/org/seleniumhq/selenium/selenium-support/4.20.0/selenium-support-4.20.0.jar:/Users/vishnuvenugopal/.m2/repository/io/cucumber/cucumber-java/7.14.0/cucumber-java-7.14.0.jar:/Users/vishnuvenugopal/.m2/repository/io/cucumber/cucumber-core/7.14.0/cucumber-core-7.14.0.jar:/Users/vishnuvenugopal/.m2/repository/io/cucumber/cucumber-gherkin/7.14.0/cucumber-gherkin-7.14.0.jar:/Users/vishnuvenugopal/.m2/repository/io/cucumber/cucumber-gherkin-messages/7.14.0/cucumber-gherkin-messages-7.14.0.jar:/Users/vishnuvenugopal/.m2/repository/io/cucumber/gherkin/26.2.0/gherkin-26.2.0.jar:/Users/vishnuvenugopal/.m2/repository/io/cucumber/messages/22.0.0/messages-22.0.0.jar:/Users/vishnuvenugopal/.m2/repository/io/cucumber/tag-expressions/5.0.6/tag-expressions-5.0.6.jar:/Users/vishnuvenugopal/.m2/repository/io/cucumber/cucumber-expressions/16.1.2/cucumber-expressions-16.1.2.jar:/Users/vishnuvenugopal/.m2/repository/io/cucumber/datatable/7.14.0/datatable-7.14.0.jar:/Users/vishnuvenugopal/.m2/repository/io/cucumber/cucumber-plugin/7.14.0/cucumber-plugin-7.14.0.jar:/Users/vishnuvenugopal/.m2/repository/io/cucumber/docstring/7.14.0/docstring-7.14.0.jar:/Users/vishnuvenugopal/.m2/repository/io/cucumber/html-formatter/20.4.0/html-formatter-20.4.0.jar:/Users/vishnuvenugopal/.m2/repository/io/cucumber/junit-xml-formatter/0.2.0/junit-xml-formatter-0.2.0.jar:/Users/vishnuvenugopal/.m2/repository/io/cucumber/ci-environment/9.2.0/ci-environment-9.2.0.jar:/Users/vishnuvenugopal/.m2/repository/io/cucumber/cucumber-junit/7.14.0/cucumber-junit-7.14.0.jar:/Users/vishnuvenugopal/.m2/repository/junit/junit/4.13.2/junit-4.13.2.jar:/Users/vishnuvenugopal/.m2/repository/org/hamcrest/hamcrest-core/1.3/hamcrest-core-1.3.jar:/Users/vishnuvenugopal/.m2/repository/io/github/bonigarcia/webdrivermanager/5.8.0/webdrivermanager-5.8.0.jar:/Users/vishnuvenugopal/.m2/repository/org/slf4j/slf4j-api/2.0.12/slf4j-api-2.0.12.jar:/Users/vishnuvenugopal/.m2/repository/com/google/code/gson/gson/2.10.1/gson-2.10.1.jar:/Users/vishnuvenugopal/.m2/repository/com/github/docker-java/docker-java/3.3.6/docker-java-3.3.6.jar:/Users/vishnuvenugopal/.m2/repository/com/github/docker-java/docker-java-core/3.3.6/docker-java-core-3.3.6.jar:/Users/vishnuvenugopal/.m2/repository/com/github/docker-java/docker-java-api/3.3.6/docker-java-api-3.3.6.jar:/Users/vishnuvenugopal/.m2/repository/com/fasterxml/jackson/core/jackson-annotations/2.10.3/jackson-annotations-2.10.3.jar:/Users/vishnuvenugopal/.m2/repository/com/fasterxml/jackson/core/jackson-databind/2.10.3/jackson-databind-2.10.3.jar:/Users/vishnuvenugopal/.m2/repository/com/fasterxml/jackson/core/jackson-core/2.10.3/jackson-core-2.10.3.jar:/Users/vishnuvenugopal/.m2/repository/org/bouncycastle/bcpkix-jdk18on/1.76/bcpkix-jdk18on-1.76.jar:/Users/vishnuvenugopal/.m2/repository/org/bouncycastle/bcprov-jdk18on/1.76/bcprov-jdk18on-1.76.jar:/Users/vishnuvenugopal/.m2/repository/org/bouncycastle/bcutil-jdk18on/1.76/bcutil-jdk18on-1.76.jar:/Users/vishnuvenugopal/.m2/repository/org/slf4j/jcl-over-slf4j/1.7.30/jcl-over-slf4j-1.7.30.jar:/Users/vishnuvenugopal/.m2/repository/com/github/docker-java/docker-java-transport-httpclient5/3.3.6/docker-java-transport-httpclient5-3.3.6.jar:/Users/vishnuvenugopal/.m2/repository/com/github/docker-java/docker-java-transport/3.3.6/docker-java-transport-3.3.6.jar:/Users/vishnuvenugopal/.m2/repository/net/java/dev/jna/jna/5.13.0/jna-5.13.0.jar:/Users/vishnuvenugopal/.m2/repository/org/brotli/dec/0.1.2/dec-0.1.2.jar:/Users/vishnuvenugopal/.m2/repository/org/apache/commons/commons-lang3/3.14.0/commons-lang3-3.14.0.jar:/Users/vishnuvenugopal/.m2/repository/org/apache/commons/commons-compress/1.26.1/commons-compress-1.26.1.jar:/Users/vishnuvenugopal/.m2/repository/commons-codec/commons-codec/1.16.1/commons-codec-1.16.1.jar:/Users/vishnuvenugopal/.m2/repository/commons-io/commons-io/2.15.1/commons-io-2.15.1.jar:/Users/vishnuvenugopal/.m2/repository/org/apache/httpcomponents/client5/httpclient5/5.2.1/httpclient5-5.2.1.jar:/Users/vishnuvenugopal/.m2/repository/org/apache/httpcomponents/core5/httpcore5/5.2/httpcore5-5.2.jar:/Users/vishnuvenugopal/.m2/repository/org/apache/httpcomponents/core5/httpcore5-h2/5.2/httpcore5-h2-5.2.jar:/Users/vishnuvenugopal/.m2/repository/com/aventstack/extentreports/5.1.1/extentreports-5.1.1.jar:/Users/vishnuvenugopal/.m2/repository/io/reactivex/rxjava3/rxjava/3.1.6/rxjava-3.1.6.jar:/Users/vishnuvenugopal/.m2/repository/org/reactivestreams/reactive-streams/1.0.4/reactive-streams-1.0.4.jar:/Users/vishnuvenugopal/.m2/repository/org/freemarker/freemarker/2.3.32/freemarker-2.3.32.jar:/Users/vishnuvenugopal/.m2/repository/org/projectlombok/lombok/1.18.26/lombok-1.18.26.jar:"/>
    <property name="sun.cpu.endian" value="little"/>
    <property name="user.home" value="/Users/vishnuvenugopal"/>
    <property name="user.language" value="en"/>
    <property name="java.specification.vendor" value="Oracle Corporation"/>
    <property name="java.version.date" value="2024-10-15"/>
    <property name="java.home" value="/Library/Java/JavaVirtualMachines/jdk-21.jdk/Contents/Home"/>
    <property name="file.separator" value="/"/>
    <property name="basedir" value="/Users/vishnuvenugopal/eclipse-workspace/Automation"/>
    <property name="style.color" value="always"/>
    <property name="java.vm.compressedOopsMode" value="Zero based"/>
    <property name="line.separator" value="&#10;"/>
    <property name="java.vm.specification.vendor" value="Oracle Corporation"/>
    <property name="java.specification.name" value="Java Platform API Specification"/>
    <property name="apple.awt.application.name" value="ForkedBooter"/>
    <property name="surefire.real.class.path" value="/Users/vishnuvenugopal/eclipse-workspace/Automation/target/surefire/surefirebooter-20250607195536336_3.jar"/>
    <property name="sun.management.compiler" value="HotSpot 64-Bit Tiered Compilers"/>
    <property name="ftp.nonProxyHosts" value="local|*.local|169.254/16|*.169.254/16"/>
    <property name="java.runtime.version" value="21.0.5+9-LTS-239"/>
    <property name="user.name" value="vishnuvenugopal"/>
    <property name="stdout.encoding" value="UTF-8"/>
    <property name="path.separator" value=":"/>
    <property name="os.version" value="15.5"/>
    <property name="java.runtime.name" value="Java(TM) SE Runtime Environment"/>
    <property name="file.encoding" value="UTF-8"/>
    <property name="java.vm.name" value="Java HotSpot(TM) 64-Bit Server VM"/>
    <property name="localRepository" value="/Users/vishnuvenugopal/.m2/repository"/>
    <property name="java.vendor.url.bug" value="https://bugreport.java.com/bugreport/"/>
    <property name="java.io.tmpdir" value="/var/folders/7r/9sbg634s21sgtm9hrq6b0tcc0000gn/T/"/>
    <property name="java.version" value="21.0.5"/>
    <property name="user.dir" value="/Users/vishnuvenugopal/eclipse-workspace/Automation"/>
    <property name="os.arch" value="aarch64"/>
    <property name="java.vm.specification.name" value="Java Virtual Machine Specification"/>
    <property name="native.encoding" value="UTF-8"/>
    <property name="java.library.path" value="/Users/vishnuvenugopal/Library/Java/Extensions:/Library/Java/Extensions:/Network/Library/Java/Extensions:/System/Library/Java/Extensions:/usr/lib/java:."/>
    <property name="java.vm.info" value="mixed mode, sharing"/>
    <property name="stderr.encoding" value="UTF-8"/>
    <property name="java.vendor" value="Oracle Corporation"/>
    <property name="java.vm.version" value="21.0.5+9-LTS-239"/>
    <property name="sun.io.unicode.encoding" value="UnicodeBig"/>
    <property name="socksNonProxyHosts" value="local|*.local|169.254/16|*.169.254/16"/>
    <property name="java.class.version" value="65.0"/>
  </properties>
  <testcase name="User adds two products to the cart and completes the checkout process" classname="Add to Cart and Checkout Flow" time="3.683">
    <system-out><![CDATA[
Scenario: User adds two products to the cart and completes the checkout process   # src/test/java/features/addToCartAndCheckout.feature:15
  Given The user is on the SauceDemo login page                                   # stepdefinitions.LoginSteps.the_user_is_on_the_saucedemo_login_page()
  When The user logs in with username "standard_user" and password "secret_sauce" # stepdefinitions.LoginSteps.the_user_logs_in_with_username_and_password(java.lang.String,java.lang.String)
  When the user adds two products to the cart                                     # stepdefinitions.AddToCartAndCheckoutSteps.user_adds_products()
  And the user proceeds to the checkout page                                      # stepdefinitions.AddToCartAndCheckoutSteps.user_proceeds_to_checkout()
No alert present.
  And the user fills in checkout information with "Nandini", "VK", and "679303"   # stepdefinitions.AddToCartAndCheckoutSteps.user_fills_checkout_info(java.lang.String,java.lang.String,java.lang.String)
  And the user confirms the checkout                                              # stepdefinitions.AddToCartAndCheckoutSteps.user_confirms_checkout()
  Then the user should see the "Checkout: Complete!" page                         # stepdefinitions.AddToCartAndCheckoutSteps.user_should_see_complete_page(java.lang.String)
]]></system-out>
    <system-err><![CDATA[SLF4J(W): No SLF4J providers were found.
SLF4J(W): Defaulting to no-operation (NOP) logger implementation
SLF4J(W): See https://www.slf4j.org/codes.html#noProviders for further details.
Jun 07, 2025 7:55:38 PM org.openqa.selenium.devtools.CdpVersionFinder findNearestMatch
WARNING: Unable to find CDP implementation matching 137
Jun 07, 2025 7:55:38 PM org.openqa.selenium.chromium.ChromiumDriver lambda$new$5
WARNING: Unable to find version of CDP to use for 137.0.7151.69. You may need to include a dependency on a specific version of the CDP using something similar to `org.seleniumhq.selenium:selenium-devtools-v86:4.20.0` where the version ("v86") matches the version of the chromium-based browser you're using and the version number of the artifact is the same as Selenium's.
]]></system-err>
  </testcase>
  <testcase name="Login with valid/invalid credentials #1" classname="Login Functionality on SauceDemo" time="1.947">
    <system-out><![CDATA[
Scenario Outline: Login with valid/invalid credentials                            # src/test/java/features/login.feature:12
  Given The user is on the SauceDemo login page                                   # stepdefinitions.LoginSteps.the_user_is_on_the_saucedemo_login_page()
  When The user logs in with username "standard_user" and password "secret_sauce" # stepdefinitions.LoginSteps.the_user_logs_in_with_username_and_password(java.lang.String,java.lang.String)
  Then "The user should be redirected to the inventory page"                      # stepdefinitions.LoginSteps.validate_expected_result(java.lang.String)
]]></system-out>
    <system-err><![CDATA[Jun 07, 2025 7:55:41 PM org.openqa.selenium.devtools.CdpVersionFinder findNearestMatch
WARNING: Unable to find CDP implementation matching 137
Jun 07, 2025 7:55:41 PM org.openqa.selenium.chromium.ChromiumDriver lambda$new$5
WARNING: Unable to find version of CDP to use for 137.0.7151.69. You may need to include a dependency on a specific version of the CDP using something similar to `org.seleniumhq.selenium:selenium-devtools-v86:4.20.0` where the version ("v86") matches the version of the chromium-based browser you're using and the version number of the artifact is the same as Selenium's.
]]></system-err>
  </testcase>
  <testcase name="Login with valid/invalid credentials #2" classname="Login Functionality on SauceDemo" time="1.887">
    <system-out><![CDATA[
Scenario Outline: Login with valid/invalid credentials                           # src/test/java/features/login.feature:13
  Given The user is on the SauceDemo login page                                  # stepdefinitions.LoginSteps.the_user_is_on_the_saucedemo_login_page()
  When The user logs in with username "problem_user" and password "secret_sauce" # stepdefinitions.LoginSteps.the_user_logs_in_with_username_and_password(java.lang.String,java.lang.String)
  Then "The user should be redirected to the inventory page"                     # stepdefinitions.LoginSteps.validate_expected_result(java.lang.String)
]]></system-out>
    <system-err><![CDATA[Jun 07, 2025 7:55:42 PM org.openqa.selenium.devtools.CdpVersionFinder findNearestMatch
WARNING: Unable to find CDP implementation matching 137
Jun 07, 2025 7:55:42 PM org.openqa.selenium.chromium.ChromiumDriver lambda$new$5
WARNING: Unable to find version of CDP to use for 137.0.7151.69. You may need to include a dependency on a specific version of the CDP using something similar to `org.seleniumhq.selenium:selenium-devtools-v86:4.20.0` where the version ("v86") matches the version of the chromium-based browser you're using and the version number of the artifact is the same as Selenium's.
]]></system-err>
  </testcase>
  <testcase name="Login with valid/invalid credentials #3" classname="Login Functionality on SauceDemo" time="6.965">
    <system-out><![CDATA[
Scenario Outline: Login with valid/invalid credentials                                      # src/test/java/features/login.feature:14
  Given The user is on the SauceDemo login page                                             # stepdefinitions.LoginSteps.the_user_is_on_the_saucedemo_login_page()
  When The user logs in with username "performance_glitch_user" and password "secret_sauce" # stepdefinitions.LoginSteps.the_user_logs_in_with_username_and_password(java.lang.String,java.lang.String)
  Then "The user should be redirected to the inventory page"                                # stepdefinitions.LoginSteps.validate_expected_result(java.lang.String)
]]></system-out>
    <system-err><![CDATA[Jun 07, 2025 7:55:44 PM org.openqa.selenium.devtools.CdpVersionFinder findNearestMatch
WARNING: Unable to find CDP implementation matching 137
Jun 07, 2025 7:55:44 PM org.openqa.selenium.chromium.ChromiumDriver lambda$new$5
WARNING: Unable to find version of CDP to use for 137.0.7151.69. You may need to include a dependency on a specific version of the CDP using something similar to `org.seleniumhq.selenium:selenium-devtools-v86:4.20.0` where the version ("v86") matches the version of the chromium-based browser you're using and the version number of the artifact is the same as Selenium's.
]]></system-err>
  </testcase>
  <testcase name="Login with valid/invalid credentials #4" classname="Login Functionality on SauceDemo" time="1.875">
    <system-out><![CDATA[
Scenario Outline: Login with valid/invalid credentials                    # src/test/java/features/login.feature:15
  Given The user is on the SauceDemo login page                           # stepdefinitions.LoginSteps.the_user_is_on_the_saucedemo_login_page()
  When The user logs in with username "standard_user" and password "abcd" # stepdefinitions.LoginSteps.the_user_logs_in_with_username_and_password(java.lang.String,java.lang.String)
  Then "Error message should be displayed"                                # stepdefinitions.LoginSteps.validate_expected_result(java.lang.String)
]]></system-out>
    <system-err><![CDATA[Jun 07, 2025 7:55:51 PM org.openqa.selenium.devtools.CdpVersionFinder findNearestMatch
WARNING: Unable to find CDP implementation matching 137
Jun 07, 2025 7:55:51 PM org.openqa.selenium.chromium.ChromiumDriver lambda$new$5
WARNING: Unable to find version of CDP to use for 137.0.7151.69. You may need to include a dependency on a specific version of the CDP using something similar to `org.seleniumhq.selenium:selenium-devtools-v86:4.20.0` where the version ("v86") matches the version of the chromium-based browser you're using and the version number of the artifact is the same as Selenium's.
]]></system-err>
  </testcase>
  <testcase name="Login with valid/invalid credentials #5" classname="Login Functionality on SauceDemo" time="1.858">
    <system-out><![CDATA[
Scenario Outline: Login with valid/invalid credentials                               # src/test/java/features/login.feature:16
  Given The user is on the SauceDemo login page                                      # stepdefinitions.LoginSteps.the_user_is_on_the_saucedemo_login_page()
  When The user logs in with username "invalid_username" and password "invalid_pass" # stepdefinitions.LoginSteps.the_user_logs_in_with_username_and_password(java.lang.String,java.lang.String)
  Then "Error message should be displayed"                                           # stepdefinitions.LoginSteps.validate_expected_result(java.lang.String)
]]></system-out>
    <system-err><![CDATA[Jun 07, 2025 7:55:53 PM org.openqa.selenium.devtools.CdpVersionFinder findNearestMatch
WARNING: Unable to find CDP implementation matching 137
Jun 07, 2025 7:55:53 PM org.openqa.selenium.chromium.ChromiumDriver lambda$new$5
WARNING: Unable to find version of CDP to use for 137.0.7151.69. You may need to include a dependency on a specific version of the CDP using something similar to `org.seleniumhq.selenium:selenium-devtools-v86:4.20.0` where the version ("v86") matches the version of the chromium-based browser you're using and the version number of the artifact is the same as Selenium's.
]]></system-err>
  </testcase>
  <testcase name="Login with empty credentials" classname="Login Functionality on SauceDemo" time="1.732">
    <system-out><![CDATA[
Scenario Outline: Login with empty credentials                                    # src/test/java/features/login.feature:24
  Given The user is on the SauceDemo login page                                   # stepdefinitions.LoginSteps.the_user_is_on_the_saucedemo_login_page()
  When The user logs in with empty credentials                                    # stepdefinitions.LoginSteps.the_user_logs_in_with_empty_credentials()
  Then The error message "Epic sadface: Username is required" should be displayed # stepdefinitions.LoginSteps.the_error_message_should_be_displayed(java.lang.String)
]]></system-out>
    <system-err><![CDATA[Jun 07, 2025 7:55:55 PM org.openqa.selenium.devtools.CdpVersionFinder findNearestMatch
WARNING: Unable to find CDP implementation matching 137
Jun 07, 2025 7:55:55 PM org.openqa.selenium.chromium.ChromiumDriver lambda$new$5
WARNING: Unable to find version of CDP to use for 137.0.7151.69. You may need to include a dependency on a specific version of the CDP using something similar to `org.seleniumhq.selenium:selenium-devtools-v86:4.20.0` where the version ("v86") matches the version of the chromium-based browser you're using and the version number of the artifact is the same as Selenium's.
]]></system-err>
  </testcase>
  <testcase name="checks products lists" classname="Validate product lists and order" time="1.902">
    <system-out><![CDATA[
Scenario Outline: checks products lists                                           # src/test/java/features/products.feature:12
  Given The user is on the SauceDemo login page                                   # stepdefinitions.LoginSteps.the_user_is_on_the_saucedemo_login_page()
  When The user logs in with username "standard_user" and password "secret_sauce" # stepdefinitions.LoginSteps.the_user_logs_in_with_username_and_password(java.lang.String,java.lang.String)
  Then User lands on the product listing page                                     # stepdefinitions.productsSteps.user_lands_on_the_product_listing_page()
  And list of products is visible                                                 # stepdefinitions.productsSteps.list_of_products_is_visible()
]]></system-out>
    <system-err><![CDATA[Jun 07, 2025 7:55:57 PM org.openqa.selenium.devtools.CdpVersionFinder findNearestMatch
WARNING: Unable to find CDP implementation matching 137
Jun 07, 2025 7:55:57 PM org.openqa.selenium.chromium.ChromiumDriver lambda$new$5
WARNING: Unable to find version of CDP to use for 137.0.7151.69. You may need to include a dependency on a specific version of the CDP using something similar to `org.seleniumhq.selenium:selenium-devtools-v86:4.20.0` where the version ("v86") matches the version of the chromium-based browser you're using and the version number of the artifact is the same as Selenium's.
]]></system-err>
  </testcase>
  <testcase name="checks product sorting" classname="Validate product lists and order" time="1.874">
    <system-out><![CDATA[
Scenario Outline: checks product sorting                                          # src/test/java/features/products.feature:20
  Given The user is on the SauceDemo login page                                   # stepdefinitions.LoginSteps.the_user_is_on_the_saucedemo_login_page()
  When The user logs in with username "standard_user" and password "secret_sauce" # stepdefinitions.LoginSteps.the_user_logs_in_with_username_and_password(java.lang.String,java.lang.String)
  And user check that sorting by Price (low to high)                              # stepdefinitions.productsSteps.user_check_that_sorting_by_price_low_to_high()
  Then sorts the items correctly                                                  # stepdefinitions.productsSteps.sorts_the_items_correctly()
]]></system-out>
    <system-err><![CDATA[Jun 07, 2025 7:55:59 PM org.openqa.selenium.devtools.CdpVersionFinder findNearestMatch
WARNING: Unable to find CDP implementation matching 137
Jun 07, 2025 7:55:59 PM org.openqa.selenium.chromium.ChromiumDriver lambda$new$5
WARNING: Unable to find version of CDP to use for 137.0.7151.69. You may need to include a dependency on a specific version of the CDP using something similar to `org.seleniumhq.selenium:selenium-devtools-v86:4.20.0` where the version ("v86") matches the version of the chromium-based browser you're using and the version number of the artifact is the same as Selenium's.
]]></system-err>
  </testcase>
</testsuite>